<?xml version="1.0" encoding="UTF-8"?>
<testsuite xmlns:xsi="http://www.w3.org/2001/XMLSchema-instance" xsi:noNamespaceSchemaLocation="https://maven.apache.org/surefire/maven-surefire-plugin/xsd/surefire-test-report.xsd" name="org.apache.dubbo.rpc.filter.ExecuteLimitFilterTest" time="1.017" tests="4" errors="0" skipped="0" failures="0">
  <properties>
    <property name="gopherProxySet" value="false"/>
    <property name="awt.toolkit" value="sun.lwawt.macosx.LWCToolkit"/>
    <property name="java.specification.version" value="11"/>
    <property name="sun.cpu.isalist" value=""/>
    <property name="sun.jnu.encoding" value="UTF-8"/>
    <property name="java.class.path" value="/Users/le.hu/workspace/dubbo/dubbo-rpc/dubbo-rpc-api/target/test-classes:/Users/le.hu/workspace/dubbo/dubbo-rpc/dubbo-rpc-api/target/classes:/Users/le.hu/workspace/dubbo/dubbo-common/target/dubbo-common-2.7.7-SNAPSHOT.jar:/Users/le.hu/.m2/repository/commons-logging/commons-logging/1.2/commons-logging-1.2.jar:/Users/le.hu/.m2/repository/log4j/log4j/1.2.16/log4j-1.2.16.jar:/Users/le.hu/.m2/repository/org/javassist/javassist/3.20.0-GA/javassist-3.20.0-GA.jar:/Users/le.hu/.m2/repository/com/alibaba/fastjson/1.2.60/fastjson-1.2.60.jar:/Users/le.hu/.m2/repository/commons-io/commons-io/2.6/commons-io-2.6.jar:/Users/le.hu/.m2/repository/javax/annotation/javax.annotation-api/1.3.1/javax.annotation-api-1.3.1.jar:/Users/le.hu/workspace/dubbo/dubbo-serialization/dubbo-serialization-api/target/dubbo-serialization-api-2.7.7-SNAPSHOT.jar:/Users/le.hu/workspace/dubbo/dubbo-remoting/dubbo-remoting-api/target/dubbo-remoting-api-2.7.7-SNAPSHOT.jar:/Users/le.hu/.m2/repository/com/alibaba/hessian-lite/3.2.6/hessian-lite-3.2.6.jar:/Users/le.hu/.m2/repository/org/junit/jupiter/junit-jupiter-engine/5.6.0/junit-jupiter-engine-5.6.0.jar:/Users/le.hu/.m2/repository/org/apiguardian/apiguardian-api/1.1.0/apiguardian-api-1.1.0.jar:/Users/le.hu/.m2/repository/org/junit/platform/junit-platform-engine/1.6.0/junit-platform-engine-1.6.0.jar:/Users/le.hu/.m2/repository/org/opentest4j/opentest4j/1.2.0/opentest4j-1.2.0.jar:/Users/le.hu/.m2/repository/org/junit/platform/junit-platform-commons/1.6.0/junit-platform-commons-1.6.0.jar:/Users/le.hu/.m2/repository/org/junit/jupiter/junit-jupiter-api/5.6.0/junit-jupiter-api-5.6.0.jar:/Users/le.hu/.m2/repository/org/junit/jupiter/junit-jupiter-params/5.6.0/junit-jupiter-params-5.6.0.jar:/Users/le.hu/.m2/repository/org/hamcrest/hamcrest-all/1.3/hamcrest-all-1.3.jar:/Users/le.hu/.m2/repository/org/mockito/mockito-core/2.23.4/mockito-core-2.23.4.jar:/Users/le.hu/.m2/repository/net/bytebuddy/byte-buddy/1.9.3/byte-buddy-1.9.3.jar:/Users/le.hu/.m2/repository/net/bytebuddy/byte-buddy-agent/1.9.3/byte-buddy-agent-1.9.3.jar:/Users/le.hu/.m2/repository/org/objenesis/objenesis/2.6/objenesis-2.6.jar:/Users/le.hu/.m2/repository/cglib/cglib-nodep/2.2/cglib-nodep-2.2.jar:"/>
    <property name="java.vm.vendor" value="Oracle Corporation"/>
    <property name="sun.arch.data.model" value="64"/>
    <property name="java.vendor.url" value="http://java.oracle.com/"/>
    <property name="user.timezone" value=""/>
    <property name="java.vm.specification.version" value="11"/>
    <property name="os.name" value="Mac OS X"/>
    <property name="sun.java.launcher" value="SUN_STANDARD"/>
    <property name="user.country" value="CN"/>
    <property name="sun.boot.library.path" value="/Library/Java/JavaVirtualMachines/openjdk-11.0.2.jdk/Contents/Home/lib"/>
    <property name="sun.java.command" value="/Users/le.hu/workspace/dubbo/dubbo-rpc/dubbo-rpc-api/target/surefire/surefirebooter7435719916673221825.jar /Users/le.hu/workspace/dubbo/dubbo-rpc/dubbo-rpc-api/target/surefire 2020-04-20T11-09-14_964-jvmRun1 surefire14202405741622045324tmp surefire_125529390461091342764tmp"/>
    <property name="http.nonProxyHosts" value="local|*.local|169.254/16|*.169.254/16"/>
    <property name="jdk.debug" value="release"/>
    <property name="surefire.test.class.path" value="/Users/le.hu/workspace/dubbo/dubbo-rpc/dubbo-rpc-api/target/test-classes:/Users/le.hu/workspace/dubbo/dubbo-rpc/dubbo-rpc-api/target/classes:/Users/le.hu/workspace/dubbo/dubbo-common/target/dubbo-common-2.7.7-SNAPSHOT.jar:/Users/le.hu/.m2/repository/commons-logging/commons-logging/1.2/commons-logging-1.2.jar:/Users/le.hu/.m2/repository/log4j/log4j/1.2.16/log4j-1.2.16.jar:/Users/le.hu/.m2/repository/org/javassist/javassist/3.20.0-GA/javassist-3.20.0-GA.jar:/Users/le.hu/.m2/repository/com/alibaba/fastjson/1.2.60/fastjson-1.2.60.jar:/Users/le.hu/.m2/repository/commons-io/commons-io/2.6/commons-io-2.6.jar:/Users/le.hu/.m2/repository/javax/annotation/javax.annotation-api/1.3.1/javax.annotation-api-1.3.1.jar:/Users/le.hu/workspace/dubbo/dubbo-serialization/dubbo-serialization-api/target/dubbo-serialization-api-2.7.7-SNAPSHOT.jar:/Users/le.hu/workspace/dubbo/dubbo-remoting/dubbo-remoting-api/target/dubbo-remoting-api-2.7.7-SNAPSHOT.jar:/Users/le.hu/.m2/repository/com/alibaba/hessian-lite/3.2.6/hessian-lite-3.2.6.jar:/Users/le.hu/.m2/repository/org/junit/jupiter/junit-jupiter-engine/5.6.0/junit-jupiter-engine-5.6.0.jar:/Users/le.hu/.m2/repository/org/apiguardian/apiguardian-api/1.1.0/apiguardian-api-1.1.0.jar:/Users/le.hu/.m2/repository/org/junit/platform/junit-platform-engine/1.6.0/junit-platform-engine-1.6.0.jar:/Users/le.hu/.m2/repository/org/opentest4j/opentest4j/1.2.0/opentest4j-1.2.0.jar:/Users/le.hu/.m2/repository/org/junit/platform/junit-platform-commons/1.6.0/junit-platform-commons-1.6.0.jar:/Users/le.hu/.m2/repository/org/junit/jupiter/junit-jupiter-api/5.6.0/junit-jupiter-api-5.6.0.jar:/Users/le.hu/.m2/repository/org/junit/jupiter/junit-jupiter-params/5.6.0/junit-jupiter-params-5.6.0.jar:/Users/le.hu/.m2/repository/org/hamcrest/hamcrest-all/1.3/hamcrest-all-1.3.jar:/Users/le.hu/.m2/repository/org/mockito/mockito-core/2.23.4/mockito-core-2.23.4.jar:/Users/le.hu/.m2/repository/net/bytebuddy/byte-buddy/1.9.3/byte-buddy-1.9.3.jar:/Users/le.hu/.m2/repository/net/bytebuddy/byte-buddy-agent/1.9.3/byte-buddy-agent-1.9.3.jar:/Users/le.hu/.m2/repository/org/objenesis/objenesis/2.6/objenesis-2.6.jar:/Users/le.hu/.m2/repository/cglib/cglib-nodep/2.2/cglib-nodep-2.2.jar:"/>
    <property name="sun.cpu.endian" value="little"/>
    <property name="user.home" value="/Users/le.hu"/>
    <property name="user.language" value="en"/>
    <property name="java.specification.vendor" value="Oracle Corporation"/>
    <property name="java.version.date" value="2019-01-15"/>
    <property name="java.home" value="/Library/Java/JavaVirtualMachines/openjdk-11.0.2.jdk/Contents/Home"/>
    <property name="file.separator" value="/"/>
    <property name="basedir" value="/Users/le.hu/workspace/dubbo/dubbo-rpc/dubbo-rpc-api"/>
    <property name="java.vm.compressedOopsMode" value="Zero based"/>
    <property name="line.separator" value="&#10;"/>
    <property name="java.specification.name" value="Java Platform API Specification"/>
    <property name="java.vm.specification.vendor" value="Oracle Corporation"/>
    <property name="java.awt.graphicsenv" value="sun.awt.CGraphicsEnvironment"/>
    <property name="surefire.real.class.path" value="/Users/le.hu/workspace/dubbo/dubbo-rpc/dubbo-rpc-api/target/surefire/surefirebooter7435719916673221825.jar"/>
    <property name="sun.management.compiler" value="HotSpot 64-Bit Tiered Compilers"/>
    <property name="ftp.nonProxyHosts" value="local|*.local|169.254/16|*.169.254/16"/>
    <property name="java.runtime.version" value="11.0.2+9"/>
    <property name="user.name" value="le.hu"/>
    <property name="java.net.preferIPv4Stack" value="true"/>
    <property name="path.separator" value=":"/>
    <property name="os.version" value="10.15.1"/>
    <property name="java.runtime.name" value="OpenJDK Runtime Environment"/>
    <property name="file.encoding" value="UTF-8"/>
    <property name="java.vm.name" value="OpenJDK 64-Bit Server VM"/>
    <property name="java.vendor.version" value="18.9"/>
    <property name="localRepository" value="/Users/le.hu/.m2/repository"/>
    <property name="java.vendor.url.bug" value="http://bugreport.java.com/bugreport/"/>
    <property name="java.io.tmpdir" value="/var/folders/jz/k0yg7pnd5v3633f6bq7my2xh0000gy/T/"/>
    <property name="java.version" value="11.0.2"/>
    <property name="user.dir" value="/Users/le.hu/workspace/dubbo/dubbo-rpc/dubbo-rpc-api"/>
    <property name="os.arch" value="x86_64"/>
    <property name="java.vm.specification.name" value="Java Virtual Machine Specification"/>
    <property name="java.awt.printerjob" value="sun.lwawt.macosx.CPrinterJob"/>
    <property name="sun.os.patch.level" value="unknown"/>
    <property name="java.library.path" value="/Users/le.hu/Library/Java/Extensions:/Library/Java/Extensions:/Network/Library/Java/Extensions:/System/Library/Java/Extensions:/usr/lib/java:."/>
    <property name="java.vendor" value="Oracle Corporation"/>
    <property name="java.vm.info" value="mixed mode"/>
    <property name="java.vm.version" value="11.0.2+9"/>
    <property name="sun.io.unicode.encoding" value="UnicodeBig"/>
    <property name="java.class.version" value="55.0"/>
    <property name="socksNonProxyHosts" value="local|*.local|169.254/16|*.169.254/16"/>
    <property name="maven.test.failure.ignore" value="true"/>
  </properties>
  <testcase name="testExecuteLimitInvoke" classname="org.apache.dubbo.rpc.filter.ExecuteLimitFilterTest" time="0.003"/>
  <testcase name="testNoExecuteLimitInvoke" classname="org.apache.dubbo.rpc.filter.ExecuteLimitFilterTest" time="0.002"/>
  <testcase name="testExecuteLimitInvokeWitException" classname="org.apache.dubbo.rpc.filter.ExecuteLimitFilterTest" time="0.003"/>
  <testcase name="testMoreThanExecuteLimitInvoke" classname="org.apache.dubbo.rpc.filter.ExecuteLimitFilterTest" time="1.006"/>
</testsuite>