<?xml version="1.0" encoding="UTF-8"?>
<testsuite xmlns:xsi="http://www.w3.org/2001/XMLSchema-instance" xsi:noNamespaceSchemaLocation="https://maven.apache.org/surefire/maven-surefire-plugin/xsd/surefire-test-report.xsd" name="org.apache.dubbo.rpc.protocol.rmi.RmiProtocolTest" time="7.704" tests="5" errors="0" skipped="1" failures="0">
  <properties>
    <property name="gopherProxySet" value="false"/>
    <property name="awt.toolkit" value="sun.lwawt.macosx.LWCToolkit"/>
    <property name="java.specification.version" value="11"/>
    <property name="sun.cpu.isalist" value=""/>
    <property name="sun.jnu.encoding" value="UTF-8"/>
    <property name="java.class.path" value="/Users/le.hu/workspace/dubbo/dubbo-rpc/dubbo-rpc-rmi/target/test-classes:/Users/le.hu/workspace/dubbo/dubbo-rpc/dubbo-rpc-rmi/target/classes:/Users/le.hu/workspace/dubbo/dubbo-rpc/dubbo-rpc-api/target/dubbo-rpc-api-2.7.7-SNAPSHOT.jar:/Users/le.hu/workspace/dubbo/dubbo-common/target/dubbo-common-2.7.7-SNAPSHOT.jar:/Users/le.hu/.m2/repository/commons-logging/commons-logging/1.2/commons-logging-1.2.jar:/Users/le.hu/.m2/repository/log4j/log4j/1.2.16/log4j-1.2.16.jar:/Users/le.hu/.m2/repository/org/javassist/javassist/3.20.0-GA/javassist-3.20.0-GA.jar:/Users/le.hu/.m2/repository/com/alibaba/fastjson/1.2.60/fastjson-1.2.60.jar:/Users/le.hu/.m2/repository/commons-io/commons-io/2.6/commons-io-2.6.jar:/Users/le.hu/.m2/repository/javax/annotation/javax.annotation-api/1.3.1/javax.annotation-api-1.3.1.jar:/Users/le.hu/workspace/dubbo/dubbo-serialization/dubbo-serialization-api/target/dubbo-serialization-api-2.7.7-SNAPSHOT.jar:/Users/le.hu/workspace/dubbo/dubbo-remoting/dubbo-remoting-api/target/dubbo-remoting-api-2.7.7-SNAPSHOT.jar:/Users/le.hu/.m2/repository/org/springframework/spring-context/4.3.16.RELEASE/spring-context-4.3.16.RELEASE.jar:/Users/le.hu/.m2/repository/org/springframework/spring-aop/4.3.16.RELEASE/spring-aop-4.3.16.RELEASE.jar:/Users/le.hu/.m2/repository/org/springframework/spring-beans/4.3.16.RELEASE/spring-beans-4.3.16.RELEASE.jar:/Users/le.hu/.m2/repository/org/springframework/spring-core/4.3.16.RELEASE/spring-core-4.3.16.RELEASE.jar:/Users/le.hu/.m2/repository/org/springframework/spring-expression/4.3.16.RELEASE/spring-expression-4.3.16.RELEASE.jar:/Users/le.hu/.m2/repository/org/junit/jupiter/junit-jupiter-engine/5.6.0/junit-jupiter-engine-5.6.0.jar:/Users/le.hu/.m2/repository/org/apiguardian/apiguardian-api/1.1.0/apiguardian-api-1.1.0.jar:/Users/le.hu/.m2/repository/org/junit/platform/junit-platform-engine/1.6.0/junit-platform-engine-1.6.0.jar:/Users/le.hu/.m2/repository/org/opentest4j/opentest4j/1.2.0/opentest4j-1.2.0.jar:/Users/le.hu/.m2/repository/org/junit/platform/junit-platform-commons/1.6.0/junit-platform-commons-1.6.0.jar:/Users/le.hu/.m2/repository/org/junit/jupiter/junit-jupiter-api/5.6.0/junit-jupiter-api-5.6.0.jar:/Users/le.hu/.m2/repository/org/junit/jupiter/junit-jupiter-params/5.6.0/junit-jupiter-params-5.6.0.jar:/Users/le.hu/.m2/repository/org/hamcrest/hamcrest-all/1.3/hamcrest-all-1.3.jar:/Users/le.hu/.m2/repository/org/mockito/mockito-core/2.23.4/mockito-core-2.23.4.jar:/Users/le.hu/.m2/repository/net/bytebuddy/byte-buddy/1.9.3/byte-buddy-1.9.3.jar:/Users/le.hu/.m2/repository/net/bytebuddy/byte-buddy-agent/1.9.3/byte-buddy-agent-1.9.3.jar:/Users/le.hu/.m2/repository/org/objenesis/objenesis/2.6/objenesis-2.6.jar:/Users/le.hu/.m2/repository/cglib/cglib-nodep/2.2/cglib-nodep-2.2.jar:"/>
    <property name="java.vm.vendor" value="Oracle Corporation"/>
    <property name="sun.arch.data.model" value="64"/>
    <property name="java.vendor.url" value="http://java.oracle.com/"/>
    <property name="user.timezone" value=""/>
    <property name="java.vm.specification.version" value="11"/>
    <property name="os.name" value="Mac OS X"/>
    <property name="sun.java.launcher" value="SUN_STANDARD"/>
    <property name="user.country" value="CN"/>
    <property name="sun.boot.library.path" value="/Library/Java/JavaVirtualMachines/openjdk-11.0.2.jdk/Contents/Home/lib"/>
    <property name="sun.java.command" value="/Users/le.hu/workspace/dubbo/dubbo-rpc/dubbo-rpc-rmi/target/surefire/surefirebooter18227663942396394334.jar /Users/le.hu/workspace/dubbo/dubbo-rpc/dubbo-rpc-rmi/target/surefire 2020-04-20T11-09-14_964-jvmRun1 surefire17797367533744937928tmp surefire_174010517254809859953tmp"/>
    <property name="http.nonProxyHosts" value="local|*.local|169.254/16|*.169.254/16"/>
    <property name="jdk.debug" value="release"/>
    <property name="surefire.test.class.path" value="/Users/le.hu/workspace/dubbo/dubbo-rpc/dubbo-rpc-rmi/target/test-classes:/Users/le.hu/workspace/dubbo/dubbo-rpc/dubbo-rpc-rmi/target/classes:/Users/le.hu/workspace/dubbo/dubbo-rpc/dubbo-rpc-api/target/dubbo-rpc-api-2.7.7-SNAPSHOT.jar:/Users/le.hu/workspace/dubbo/dubbo-common/target/dubbo-common-2.7.7-SNAPSHOT.jar:/Users/le.hu/.m2/repository/commons-logging/commons-logging/1.2/commons-logging-1.2.jar:/Users/le.hu/.m2/repository/log4j/log4j/1.2.16/log4j-1.2.16.jar:/Users/le.hu/.m2/repository/org/javassist/javassist/3.20.0-GA/javassist-3.20.0-GA.jar:/Users/le.hu/.m2/repository/com/alibaba/fastjson/1.2.60/fastjson-1.2.60.jar:/Users/le.hu/.m2/repository/commons-io/commons-io/2.6/commons-io-2.6.jar:/Users/le.hu/.m2/repository/javax/annotation/javax.annotation-api/1.3.1/javax.annotation-api-1.3.1.jar:/Users/le.hu/workspace/dubbo/dubbo-serialization/dubbo-serialization-api/target/dubbo-serialization-api-2.7.7-SNAPSHOT.jar:/Users/le.hu/workspace/dubbo/dubbo-remoting/dubbo-remoting-api/target/dubbo-remoting-api-2.7.7-SNAPSHOT.jar:/Users/le.hu/.m2/repository/org/springframework/spring-context/4.3.16.RELEASE/spring-context-4.3.16.RELEASE.jar:/Users/le.hu/.m2/repository/org/springframework/spring-aop/4.3.16.RELEASE/spring-aop-4.3.16.RELEASE.jar:/Users/le.hu/.m2/repository/org/springframework/spring-beans/4.3.16.RELEASE/spring-beans-4.3.16.RELEASE.jar:/Users/le.hu/.m2/repository/org/springframework/spring-core/4.3.16.RELEASE/spring-core-4.3.16.RELEASE.jar:/Users/le.hu/.m2/repository/org/springframework/spring-expression/4.3.16.RELEASE/spring-expression-4.3.16.RELEASE.jar:/Users/le.hu/.m2/repository/org/junit/jupiter/junit-jupiter-engine/5.6.0/junit-jupiter-engine-5.6.0.jar:/Users/le.hu/.m2/repository/org/apiguardian/apiguardian-api/1.1.0/apiguardian-api-1.1.0.jar:/Users/le.hu/.m2/repository/org/junit/platform/junit-platform-engine/1.6.0/junit-platform-engine-1.6.0.jar:/Users/le.hu/.m2/repository/org/opentest4j/opentest4j/1.2.0/opentest4j-1.2.0.jar:/Users/le.hu/.m2/repository/org/junit/platform/junit-platform-commons/1.6.0/junit-platform-commons-1.6.0.jar:/Users/le.hu/.m2/repository/org/junit/jupiter/junit-jupiter-api/5.6.0/junit-jupiter-api-5.6.0.jar:/Users/le.hu/.m2/repository/org/junit/jupiter/junit-jupiter-params/5.6.0/junit-jupiter-params-5.6.0.jar:/Users/le.hu/.m2/repository/org/hamcrest/hamcrest-all/1.3/hamcrest-all-1.3.jar:/Users/le.hu/.m2/repository/org/mockito/mockito-core/2.23.4/mockito-core-2.23.4.jar:/Users/le.hu/.m2/repository/net/bytebuddy/byte-buddy/1.9.3/byte-buddy-1.9.3.jar:/Users/le.hu/.m2/repository/net/bytebuddy/byte-buddy-agent/1.9.3/byte-buddy-agent-1.9.3.jar:/Users/le.hu/.m2/repository/org/objenesis/objenesis/2.6/objenesis-2.6.jar:/Users/le.hu/.m2/repository/cglib/cglib-nodep/2.2/cglib-nodep-2.2.jar:"/>
    <property name="sun.cpu.endian" value="little"/>
    <property name="user.home" value="/Users/le.hu"/>
    <property name="user.language" value="en"/>
    <property name="java.specification.vendor" value="Oracle Corporation"/>
    <property name="java.version.date" value="2019-01-15"/>
    <property name="java.home" value="/Library/Java/JavaVirtualMachines/openjdk-11.0.2.jdk/Contents/Home"/>
    <property name="file.separator" value="/"/>
    <property name="basedir" value="/Users/le.hu/workspace/dubbo/dubbo-rpc/dubbo-rpc-rmi"/>
    <property name="java.vm.compressedOopsMode" value="Zero based"/>
    <property name="line.separator" value="&#10;"/>
    <property name="java.specification.name" value="Java Platform API Specification"/>
    <property name="java.vm.specification.vendor" value="Oracle Corporation"/>
    <property name="java.awt.graphicsenv" value="sun.awt.CGraphicsEnvironment"/>
    <property name="surefire.real.class.path" value="/Users/le.hu/workspace/dubbo/dubbo-rpc/dubbo-rpc-rmi/target/surefire/surefirebooter18227663942396394334.jar"/>
    <property name="sun.management.compiler" value="HotSpot 64-Bit Tiered Compilers"/>
    <property name="ftp.nonProxyHosts" value="local|*.local|169.254/16|*.169.254/16"/>
    <property name="java.runtime.version" value="11.0.2+9"/>
    <property name="user.name" value="le.hu"/>
    <property name="java.net.preferIPv4Stack" value="true"/>
    <property name="path.separator" value=":"/>
    <property name="os.version" value="10.15.1"/>
    <property name="java.runtime.name" value="OpenJDK Runtime Environment"/>
    <property name="file.encoding" value="UTF-8"/>
    <property name="java.vm.name" value="OpenJDK 64-Bit Server VM"/>
    <property name="java.vendor.version" value="18.9"/>
    <property name="localRepository" value="/Users/le.hu/.m2/repository"/>
    <property name="java.vendor.url.bug" value="http://bugreport.java.com/bugreport/"/>
    <property name="java.io.tmpdir" value="/var/folders/jz/k0yg7pnd5v3633f6bq7my2xh0000gy/T/"/>
    <property name="java.version" value="11.0.2"/>
    <property name="user.dir" value="/Users/le.hu/workspace/dubbo/dubbo-rpc/dubbo-rpc-rmi"/>
    <property name="os.arch" value="x86_64"/>
    <property name="java.vm.specification.name" value="Java Virtual Machine Specification"/>
    <property name="java.awt.printerjob" value="sun.lwawt.macosx.CPrinterJob"/>
    <property name="sun.os.patch.level" value="unknown"/>
    <property name="java.library.path" value="/Users/le.hu/Library/Java/Extensions:/Library/Java/Extensions:/Network/Library/Java/Extensions:/System/Library/Java/Extensions:/usr/lib/java:."/>
    <property name="java.vendor" value="Oracle Corporation"/>
    <property name="java.vm.info" value="mixed mode"/>
    <property name="java.vm.version" value="11.0.2+9"/>
    <property name="sun.io.unicode.encoding" value="UnicodeBig"/>
    <property name="java.class.version" value="55.0"/>
    <property name="socksNonProxyHosts" value="local|*.local|169.254/16|*.169.254/16"/>
    <property name="maven.test.failure.ignore" value="true"/>
  </properties>
  <testcase name="testRmiProtocol_echoService" classname="org.apache.dubbo.rpc.protocol.rmi.RmiProtocolTest" time="0">
    <skipped message="public void org.apache.dubbo.rpc.protocol.rmi.RmiProtocolTest.testRmiProtocol_echoService() throws java.lang.Exception is @Disabled"/>
    <system-err><![CDATA[log4j:WARN No appenders could be found for logger (org.apache.dubbo.common.logger.LoggerFactory).
log4j:WARN Please initialize the log4j system properly.
log4j:WARN See http://logging.apache.org/log4j/1.2/faq.html#noconfig for more info.
]]></system-err>
  </testcase>
  <testcase name="testRmiProtocol" classname="org.apache.dubbo.rpc.protocol.rmi.RmiProtocolTest" time="0.957"/>
  <testcase name="testRmiProtocolTimeout" classname="org.apache.dubbo.rpc.protocol.rmi.RmiProtocolTest" time="6.018"/>
  <testcase name="testRemoteApplicationName" classname="org.apache.dubbo.rpc.protocol.rmi.RmiProtocolTest" time="0.014"/>
  <testcase name="testGenericInvoke" classname="org.apache.dubbo.rpc.protocol.rmi.RmiProtocolTest" time="0.029"/>
</testsuite>